<?xml version="1.0" encoding="UTF-8"?>
<!-- Generated by org.testng.reporters.JUnitXMLReporter -->
<testsuite hostname="Vishnu-PC" failures="0" tests="3" name="Default test" time="9.757" errors="0" timestamp="14 Oct 2020 16:43:50 GMT">
  <testcase classname="com.mycompany.app.NewTest" name="testAppConstructor" time="0.015"/>
  <testcase classname="com.mycompany.app.NewTest" name="testAppMain" time="0.013"/>
  <testcase classname="com.mycompany.app.NewTest" name="testEasy" time="3.934"/>
</testsuite> <!-- Default test -->
