<?xml version="1.0" encoding="UTF-8"?>
<!-- Generated by org.testng.reporters.JUnitXMLReporter -->
<testsuite hostname="Vishnu-PC" failures="0" tests="3" name="Default test" time="8.641" errors="0" timestamp="15 Oct 2020 12:36:06 GMT">
  <testcase classname="com.mycompany.app.NewTest" name="testAppConstructor" time="0.01"/>
  <testcase classname="com.mycompany.app.NewTest" name="testAppMain" time="0.009"/>
  <testcase classname="com.mycompany.app.NewTest" name="testEasy" time="3.186"/>
</testsuite> <!-- Default test -->
