<?xml version="1.0" encoding="UTF-8"?>
<testng-results total="1" passed="1" failed="0" skipped="0">
  <reporter-output>
  </reporter-output>
  <suite started-at="2020-10-14T14:18:36Z" name="Suite" finished-at="2020-10-14T14:18:53Z" duration-ms="16201">
    <groups>
    </groups>
    <test started-at="2020-10-14T14:18:36Z" name="Test" finished-at="2020-10-14T14:18:53Z" duration-ms="16201">
      <class name="com.mycompany.app.NewTest">
        <test-method is-config="true" signature="beforeTest()[pri:0, instance:com.mycompany.app.NewTest@6a47b187]" started-at="2020-10-14T19:48:36Z" name="beforeTest" finished-at="2020-10-14T19:48:46Z" duration-ms="9912" status="PASS">
          <reporter-output>
          </reporter-output>
        </test-method> <!-- beforeTest -->
        <test-method signature="testEasy()[pri:0, instance:com.mycompany.app.NewTest@6a47b187]" started-at="2020-10-14T19:48:46Z" name="testEasy" finished-at="2020-10-14T19:48:52Z" duration-ms="5266" status="PASS">
          <reporter-output>
          </reporter-output>
        </test-method> <!-- testEasy -->
        <test-method is-config="true" signature="afterTest()[pri:0, instance:com.mycompany.app.NewTest@6a47b187]" started-at="2020-10-14T19:48:52Z" name="afterTest" finished-at="2020-10-14T19:48:53Z" duration-ms="1004" status="PASS">
          <reporter-output>
          </reporter-output>
        </test-method> <!-- afterTest -->
      </class> <!-- com.mycompany.app.NewTest -->
    </test> <!-- Test -->
  </suite> <!-- Suite -->
</testng-results>
